生成启动时间为 2016/2/5 星期五 上午 11:06:52。
     1>项目“F:\MLalgorithm\pca\pca\pca.vcxproj”在节点 2 上(Build 个目标)。
     1>ClCompile:
         D:\Visual Stdio\VC\bin\CL.exe /c /ZI /nologo /W3 /WX- /sdl /Od /Oy- /D _MBCS /Gm /EHsc /RTC1 /MDd /GS /fp:precise /Zc:wchar_t /Zc:forScope /Fo"Debug\\" /Fd"Debug\vc120.pdb" /Gd /TP /analyze- /errorReport:prompt pca.cpp
         pca.cpp
     1>f:\mlalgorithm\pca\pca\pca.cpp(25): warning C4018: “<”: 有符号/无符号不匹配
     1>f:\mlalgorithm\pca\pca\pca.cpp(26): warning C4018: “<”: 有符号/无符号不匹配
     1>f:\mlalgorithm\pca\pca\pca.cpp(51): warning C4018: “<”: 有符号/无符号不匹配
     1>f:\mlalgorithm\pca\pca\pca.cpp(53): warning C4018: “<”: 有符号/无符号不匹配
     1>f:\mlalgorithm\pca\pca\pca.cpp(54): warning C4018: “<”: 有符号/无符号不匹配
     1>f:\mlalgorithm\pca\pca\pca.cpp(65): warning C4018: “<”: 有符号/无符号不匹配
     1>f:\mlalgorithm\pca\pca\pca.cpp(66): warning C4018: “<”: 有符号/无符号不匹配
     1>f:\mlalgorithm\pca\pca\pca.cpp(199): warning C4018: “<”: 有符号/无符号不匹配
     1>f:\mlalgorithm\pca\pca\pca.cpp(203): warning C4018: “<”: 有符号/无符号不匹配
     1>f:\mlalgorithm\pca\pca\pca.cpp(267): warning C4018: “<”: 有符号/无符号不匹配
     1>f:\mlalgorithm\pca\pca\pca.cpp(268): warning C4018: “<”: 有符号/无符号不匹配
       Link:
         D:\Visual Stdio\VC\bin\link.exe /ERRORREPORT:PROMPT /OUT:"F:\MLalgorithm\pca\Debug\pca.exe" /INCREMENTAL /NOLOGO opencv_calib3d2410d.lib opencv_contrib2410d.lib opencv_core2410d.lib opencv_features2d2410d.lib opencv_flann2410d.lib opencv_gpu2410d.lib opencv_highgui2410d.lib opencv_imgproc2410d.lib opencv_legacy2410d.lib opencv_ml2410d.lib opencv_nonfree2410d.lib opencv_objdetect2410d.lib opencv_ocl2410d.lib opencv_photo2410d.lib opencv_stitching2410d.lib opencv_superres2410d.lib opencv_ts2410d.lib opencv_video2410d.lib opencv_videostab2410d.lib opencv_calib3d2410.lib opencv_contrib2410.lib opencv_core2410.lib opencv_features2d2410.lib opencv_flann2410.lib opencv_gpu2410.lib opencv_highgui2410.lib opencv_imgproc2410.lib opencv_legacy2410.lib opencv_ml2410.lib opencv_nonfree2410.lib opencv_objdetect2410.lib opencv_ocl2410.lib opencv_photo2410.lib opencv_stitching2410.lib opencv_superres2410.lib opencv_ts2410.lib opencv_video2410.lib opencv_videostab2410.lib kernel32.lib user32.lib gdi32.lib winspool.lib comdlg32.lib advapi32.lib shell32.lib ole32.lib oleaut32.lib uuid.lib odbc32.lib odbccp32.lib /MANIFEST /MANIFESTUAC:"level='asInvoker' uiAccess='false'" /manifest:embed /DEBUG /PDB:"F:\MLalgorithm\pca\Debug\pca.pdb" /TLBID:1 /DYNAMICBASE /NXCOMPAT /IMPLIB:"F:\MLalgorithm\pca\Debug\pca.lib" /MACHINE:X86 Debug\main.obj
         Debug\pca.obj
         pca.vcxproj -> F:\MLalgorithm\pca\Debug\pca.exe
     1>已完成生成项目“F:\MLalgorithm\pca\pca\pca.vcxproj”(Build 个目标)的操作。

生成成功。

已用时间 00:00:00.96
